2024-10-10 15:15:28 error: uncaughtException: Cannot find module '@exceptions/httpException'
Require stack:
- /app/src/services/auth.service.ts
- /app/src/controllers/auth.controller.ts
- /app/src/routes/auth.route.ts
- /app/src/server.ts
Error: Cannot find module '@exceptions/httpException'
Require stack:
- /app/src/services/auth.service.ts
- /app/src/controllers/auth.controller.ts
- /app/src/routes/auth.route.ts
- /app/src/server.ts
    at Function.Module._resolveFilename (node:internal/modules/cjs/loader:985:15)
    at Function.Module._resolveFilename.sharedData.moduleResolveFilenameHook.installedValue (/app/node_modules/@cspotcode/source-map-support/source-map-support.js:811:30)
    at Function.Module._resolveFilename (/app/node_modules/tsconfig-paths/src/register.ts:115:36)
    at Function.Module._load (node:internal/modules/cjs/loader:833:27)
    at Module.require (node:internal/modules/cjs/loader:1057:19)
    at require (node:internal/modules/cjs/helpers:103:18)
    at Object.<anonymous> (/app/src/services/auth.service.ts:7:1)
    at Module._compile (node:internal/modules/cjs/loader:1155:14)
    at Module.m._compile (/app/node_modules/ts-node/src/index.ts:1618:23)
    at Module._extensions..js (node:internal/modules/cjs/loader:1209:10)
2024-10-10 15:16:54 error: uncaughtException: Cannot find module '@exceptions/httpException'
Require stack:
- /app/src/services/auth.service.ts
- /app/src/controllers/auth.controller.ts
- /app/src/routes/auth.route.ts
- /app/src/server.ts
Error: Cannot find module '@exceptions/httpException'
Require stack:
- /app/src/services/auth.service.ts
- /app/src/controllers/auth.controller.ts
- /app/src/routes/auth.route.ts
- /app/src/server.ts
    at Function.Module._resolveFilename (node:internal/modules/cjs/loader:985:15)
    at Function.Module._resolveFilename.sharedData.moduleResolveFilenameHook.installedValue (/app/node_modules/@cspotcode/source-map-support/source-map-support.js:811:30)
    at Function.Module._resolveFilename (/app/node_modules/tsconfig-paths/src/register.ts:115:36)
    at Function.Module._load (node:internal/modules/cjs/loader:833:27)
    at Module.require (node:internal/modules/cjs/loader:1057:19)
    at require (node:internal/modules/cjs/helpers:103:18)
    at Object.<anonymous> (/app/src/services/auth.service.ts:7:1)
    at Module._compile (node:internal/modules/cjs/loader:1155:14)
    at Module.m._compile (/app/node_modules/ts-node/src/index.ts:1618:23)
    at Module._extensions..js (node:internal/modules/cjs/loader:1209:10)
2024-10-10 15:16:56 error: uncaughtException: Cannot find module '@exceptions/httpException'
Require stack:
- /app/src/services/auth.service.ts
- /app/src/controllers/auth.controller.ts
- /app/src/routes/auth.route.ts
- /app/src/server.ts
Error: Cannot find module '@exceptions/httpException'
Require stack:
- /app/src/services/auth.service.ts
- /app/src/controllers/auth.controller.ts
- /app/src/routes/auth.route.ts
- /app/src/server.ts
    at Function.Module._resolveFilename (node:internal/modules/cjs/loader:985:15)
    at Function.Module._resolveFilename.sharedData.moduleResolveFilenameHook.installedValue (/app/node_modules/@cspotcode/source-map-support/source-map-support.js:811:30)
    at Function.Module._resolveFilename (/app/node_modules/tsconfig-paths/src/register.ts:115:36)
    at Function.Module._load (node:internal/modules/cjs/loader:833:27)
    at Module.require (node:internal/modules/cjs/loader:1057:19)
    at require (node:internal/modules/cjs/helpers:103:18)
    at Object.<anonymous> (/app/src/services/auth.service.ts:7:1)
    at Module._compile (node:internal/modules/cjs/loader:1155:14)
    at Module.m._compile (/app/node_modules/ts-node/src/index.ts:1618:23)
    at Module._extensions..js (node:internal/modules/cjs/loader:1209:10)
2024-10-10 15:23:15 error: uncaughtException: Cannot find module '@exceptions/httpException'
Require stack:
- /app/src/services/auth.service.ts
- /app/src/controllers/auth.controller.ts
- /app/src/routes/auth.route.ts
- /app/src/server.ts
Error: Cannot find module '@exceptions/httpException'
Require stack:
- /app/src/services/auth.service.ts
- /app/src/controllers/auth.controller.ts
- /app/src/routes/auth.route.ts
- /app/src/server.ts
    at Function.Module._resolveFilename (node:internal/modules/cjs/loader:985:15)
    at Function.Module._resolveFilename.sharedData.moduleResolveFilenameHook.installedValue (/app/node_modules/@cspotcode/source-map-support/source-map-support.js:811:30)
    at Function.Module._resolveFilename (/app/node_modules/tsconfig-paths/src/register.ts:115:36)
    at Function.Module._load (node:internal/modules/cjs/loader:833:27)
    at Module.require (node:internal/modules/cjs/loader:1057:19)
    at require (node:internal/modules/cjs/helpers:103:18)
    at Object.<anonymous> (/app/src/services/auth.service.ts:7:1)
    at Module._compile (node:internal/modules/cjs/loader:1155:14)
    at Module.m._compile (/app/node_modules/ts-node/src/index.ts:1618:23)
    at Module._extensions..js (node:internal/modules/cjs/loader:1209:10)
2024-10-10 15:23:16 error: uncaughtException: Cannot find module '@exceptions/httpException'
Require stack:
- /app/src/services/auth.service.ts
- /app/src/controllers/auth.controller.ts
- /app/src/routes/auth.route.ts
- /app/src/server.ts
Error: Cannot find module '@exceptions/httpException'
Require stack:
- /app/src/services/auth.service.ts
- /app/src/controllers/auth.controller.ts
- /app/src/routes/auth.route.ts
- /app/src/server.ts
    at Function.Module._resolveFilename (node:internal/modules/cjs/loader:985:15)
    at Function.Module._resolveFilename.sharedData.moduleResolveFilenameHook.installedValue (/app/node_modules/@cspotcode/source-map-support/source-map-support.js:811:30)
    at Function.Module._resolveFilename (/app/node_modules/tsconfig-paths/src/register.ts:115:36)
    at Function.Module._load (node:internal/modules/cjs/loader:833:27)
    at Module.require (node:internal/modules/cjs/loader:1057:19)
    at require (node:internal/modules/cjs/helpers:103:18)
    at Object.<anonymous> (/app/src/services/auth.service.ts:7:1)
    at Module._compile (node:internal/modules/cjs/loader:1155:14)
    at Module.m._compile (/app/node_modules/ts-node/src/index.ts:1618:23)
    at Module._extensions..js (node:internal/modules/cjs/loader:1209:10)
2024-10-10 15:24:02 error: uncaughtException: Cannot find module '@exceptions/httpException'
Require stack:
- /app/src/services/auth.service.ts
- /app/src/controllers/auth.controller.ts
- /app/src/routes/auth.route.ts
- /app/src/server.ts
Error: Cannot find module '@exceptions/httpException'
Require stack:
- /app/src/services/auth.service.ts
- /app/src/controllers/auth.controller.ts
- /app/src/routes/auth.route.ts
- /app/src/server.ts
    at Function.Module._resolveFilename (node:internal/modules/cjs/loader:985:15)
    at Function.Module._resolveFilename.sharedData.moduleResolveFilenameHook.installedValue (/app/node_modules/@cspotcode/source-map-support/source-map-support.js:811:30)
    at Function.Module._resolveFilename (/app/node_modules/tsconfig-paths/src/register.ts:115:36)
    at Function.Module._load (node:internal/modules/cjs/loader:833:27)
    at Module.require (node:internal/modules/cjs/loader:1057:19)
    at require (node:internal/modules/cjs/helpers:103:18)
    at Object.<anonymous> (/app/src/services/auth.service.ts:7:1)
    at Module._compile (node:internal/modules/cjs/loader:1155:14)
    at Module.m._compile (/app/node_modules/ts-node/src/index.ts:1618:23)
    at Module._extensions..js (node:internal/modules/cjs/loader:1209:10)
2024-10-10 15:24:04 error: uncaughtException: Cannot find module '@exceptions/httpException'
Require stack:
- /app/src/services/auth.service.ts
- /app/src/controllers/auth.controller.ts
- /app/src/routes/auth.route.ts
- /app/src/server.ts
Error: Cannot find module '@exceptions/httpException'
Require stack:
- /app/src/services/auth.service.ts
- /app/src/controllers/auth.controller.ts
- /app/src/routes/auth.route.ts
- /app/src/server.ts
    at Function.Module._resolveFilename (node:internal/modules/cjs/loader:985:15)
    at Function.Module._resolveFilename.sharedData.moduleResolveFilenameHook.installedValue (/app/node_modules/@cspotcode/source-map-support/source-map-support.js:811:30)
    at Function.Module._resolveFilename (/app/node_modules/tsconfig-paths/src/register.ts:115:36)
    at Function.Module._load (node:internal/modules/cjs/loader:833:27)
    at Module.require (node:internal/modules/cjs/loader:1057:19)
    at require (node:internal/modules/cjs/helpers:103:18)
    at Object.<anonymous> (/app/src/services/auth.service.ts:7:1)
    at Module._compile (node:internal/modules/cjs/loader:1155:14)
    at Module.m._compile (/app/node_modules/ts-node/src/index.ts:1618:23)
    at Module._extensions..js (node:internal/modules/cjs/loader:1209:10)
2024-10-10 15:37:06 error: uncaughtException: Cannot find module '@exceptions/httpException'
Require stack:
- /app/src/services/auth.service.ts
- /app/src/controllers/auth.controller.ts
- /app/src/routes/auth.route.ts
- /app/src/server.ts
Error: Cannot find module '@exceptions/httpException'
Require stack:
- /app/src/services/auth.service.ts
- /app/src/controllers/auth.controller.ts
- /app/src/routes/auth.route.ts
- /app/src/server.ts
    at Function.Module._resolveFilename (node:internal/modules/cjs/loader:985:15)
    at Function.Module._resolveFilename.sharedData.moduleResolveFilenameHook.installedValue (/app/node_modules/@cspotcode/source-map-support/source-map-support.js:811:30)
    at Function.Module._resolveFilename (/app/node_modules/tsconfig-paths/src/register.ts:115:36)
    at Function.Module._load (node:internal/modules/cjs/loader:833:27)
    at Module.require (node:internal/modules/cjs/loader:1057:19)
    at require (node:internal/modules/cjs/helpers:103:18)
    at Object.<anonymous> (/app/src/services/auth.service.ts:7:1)
    at Module._compile (node:internal/modules/cjs/loader:1155:14)
    at Module.m._compile (/app/node_modules/ts-node/src/index.ts:1618:23)
    at Module._extensions..js (node:internal/modules/cjs/loader:1209:10)
2024-10-10 15:39:13 error: uncaughtException: Cannot find module '@exceptions/httpException'
Require stack:
- /app/src/services/auth.service.ts
- /app/src/controllers/auth.controller.ts
- /app/src/routes/auth.route.ts
- /app/src/server.ts
Error: Cannot find module '@exceptions/httpException'
Require stack:
- /app/src/services/auth.service.ts
- /app/src/controllers/auth.controller.ts
- /app/src/routes/auth.route.ts
- /app/src/server.ts
    at Function.Module._resolveFilename (node:internal/modules/cjs/loader:985:15)
    at Function.Module._resolveFilename.sharedData.moduleResolveFilenameHook.installedValue (/app/node_modules/@cspotcode/source-map-support/source-map-support.js:811:30)
    at Function.Module._resolveFilename (/app/node_modules/tsconfig-paths/src/register.ts:115:36)
    at Function.Module._load (node:internal/modules/cjs/loader:833:27)
    at Module.require (node:internal/modules/cjs/loader:1057:19)
    at require (node:internal/modules/cjs/helpers:103:18)
    at Object.<anonymous> (/app/src/services/auth.service.ts:7:1)
    at Module._compile (node:internal/modules/cjs/loader:1155:14)
    at Module.m._compile (/app/node_modules/ts-node/src/index.ts:1618:23)
    at Module._extensions..js (node:internal/modules/cjs/loader:1209:10)
2024-10-10 15:41:57 error: uncaughtException: Cannot find module '@exceptions/httpException'
Require stack:
- /app/src/services/auth.service.ts
- /app/src/controllers/auth.controller.ts
- /app/src/routes/auth.route.ts
- /app/src/server.ts
Error: Cannot find module '@exceptions/httpException'
Require stack:
- /app/src/services/auth.service.ts
- /app/src/controllers/auth.controller.ts
- /app/src/routes/auth.route.ts
- /app/src/server.ts
    at Function.Module._resolveFilename (node:internal/modules/cjs/loader:985:15)
    at Function.Module._resolveFilename.sharedData.moduleResolveFilenameHook.installedValue (/app/node_modules/@cspotcode/source-map-support/source-map-support.js:811:30)
    at Function.Module._resolveFilename (/app/node_modules/tsconfig-paths/src/register.ts:115:36)
    at Function.Module._load (node:internal/modules/cjs/loader:833:27)
    at Module.require (node:internal/modules/cjs/loader:1057:19)
    at require (node:internal/modules/cjs/helpers:103:18)
    at Object.<anonymous> (/app/src/services/auth.service.ts:7:1)
    at Module._compile (node:internal/modules/cjs/loader:1155:14)
    at Module.m._compile (/app/node_modules/ts-node/src/index.ts:1618:23)
    at Module._extensions..js (node:internal/modules/cjs/loader:1209:10)
2024-10-10 15:44:14 error: uncaughtException: Cannot find module '@exceptions/httpException'
Require stack:
- /app/src/services/auth.service.ts
- /app/src/controllers/auth.controller.ts
- /app/src/routes/auth.route.ts
- /app/src/server.ts
Error: Cannot find module '@exceptions/httpException'
Require stack:
- /app/src/services/auth.service.ts
- /app/src/controllers/auth.controller.ts
- /app/src/routes/auth.route.ts
- /app/src/server.ts
    at Function.Module._resolveFilename (node:internal/modules/cjs/loader:985:15)
    at Function.Module._resolveFilename.sharedData.moduleResolveFilenameHook.installedValue (/app/node_modules/@cspotcode/source-map-support/source-map-support.js:811:30)
    at Function.Module._resolveFilename (/app/node_modules/tsconfig-paths/src/register.ts:115:36)
    at Function.Module._load (node:internal/modules/cjs/loader:833:27)
    at Module.require (node:internal/modules/cjs/loader:1057:19)
    at require (node:internal/modules/cjs/helpers:103:18)
    at Object.<anonymous> (/app/src/services/auth.service.ts:7:1)
    at Module._compile (node:internal/modules/cjs/loader:1155:14)
    at Module.m._compile (/app/node_modules/ts-node/src/index.ts:1618:23)
    at Module._extensions..js (node:internal/modules/cjs/loader:1209:10)
2024-10-10 15:44:32 error: uncaughtException: Cannot find module '@exceptions/httpException'
Require stack:
- /app/src/middlewares/auth.middleware.ts
- /app/src/routes/auth.route.ts
- /app/src/server.ts
Error: Cannot find module '@exceptions/httpException'
Require stack:
- /app/src/middlewares/auth.middleware.ts
- /app/src/routes/auth.route.ts
- /app/src/server.ts
    at Function.Module._resolveFilename (node:internal/modules/cjs/loader:985:15)
    at Function.Module._resolveFilename.sharedData.moduleResolveFilenameHook.installedValue (/app/node_modules/@cspotcode/source-map-support/source-map-support.js:811:30)
    at Function.Module._resolveFilename (/app/node_modules/tsconfig-paths/src/register.ts:115:36)
    at Function.Module._load (node:internal/modules/cjs/loader:833:27)
    at Module.require (node:internal/modules/cjs/loader:1057:19)
    at require (node:internal/modules/cjs/helpers:103:18)
    at Object.<anonymous> (/app/src/middlewares/auth.middleware.ts:5:1)
    at Module._compile (node:internal/modules/cjs/loader:1155:14)
    at Module.m._compile (/app/node_modules/ts-node/src/index.ts:1618:23)
    at Module._extensions..js (node:internal/modules/cjs/loader:1209:10)
2024-10-10 23:00:01 error: uncaughtException: Cannot find module '@exceptions/httpException'
Require stack:
- /home/portadmin/SWE/nodejs/express/demo/src/middlewares/auth.middleware.ts
- /home/portadmin/SWE/nodejs/express/demo/src/routes/auth.route.ts
- /home/portadmin/SWE/nodejs/express/demo/src/server.ts
Error: Cannot find module '@exceptions/httpException'
Require stack:
- /home/portadmin/SWE/nodejs/express/demo/src/middlewares/auth.middleware.ts
- /home/portadmin/SWE/nodejs/express/demo/src/routes/auth.route.ts
- /home/portadmin/SWE/nodejs/express/demo/src/server.ts
    at Function.Module._resolveFilename (node:internal/modules/cjs/loader:1142:15)
    at Function.Module._resolveFilename.sharedData.moduleResolveFilenameHook.installedValue (/home/portadmin/SWE/nodejs/express/demo/node_modules/@cspotcode/source-map-support/source-map-support.js:811:30)
    at Function.Module._resolveFilename (/home/portadmin/SWE/nodejs/express/demo/node_modules/tsconfig-paths/src/register.ts:115:36)
    at Function.Module._load (node:internal/modules/cjs/loader:983:27)
    at Module.require (node:internal/modules/cjs/loader:1230:19)
    at require (node:internal/modules/helpers:179:18)
    at Object.<anonymous> (/home/portadmin/SWE/nodejs/express/demo/src/middlewares/auth.middleware.ts:5:1)
    at Module._compile (node:internal/modules/cjs/loader:1368:14)
    at Module.m._compile (/home/portadmin/SWE/nodejs/express/demo/node_modules/ts-node/src/index.ts:1618:23)
    at Module._extensions..js (node:internal/modules/cjs/loader:1426:10)
2024-10-10 17:20:12 error: uncaughtException: Cannot find module '@exceptions/httpException'
Require stack:
- /app/src/middlewares/auth.middleware.ts
- /app/src/routes/auth.route.ts
- /app/src/server.ts
Error: Cannot find module '@exceptions/httpException'
Require stack:
- /app/src/middlewares/auth.middleware.ts
- /app/src/routes/auth.route.ts
- /app/src/server.ts
    at Function.Module._resolveFilename (node:internal/modules/cjs/loader:1248:15)
    at Function.Module._resolveFilename.sharedData.moduleResolveFilenameHook.installedValue (/app/node_modules/@cspotcode/source-map-support/source-map-support.js:811:30)
    at Function.Module._resolveFilename (/app/node_modules/tsconfig-paths/src/register.ts:115:36)
    at Function.Module._load (node:internal/modules/cjs/loader:1074:27)
    at TracingChannel.traceSync (node:diagnostics_channel:315:14)
    at wrapModuleLoad (node:internal/modules/cjs/loader:217:24)
    at Module.require (node:internal/modules/cjs/loader:1339:12)
    at require (node:internal/modules/helpers:135:16)
    at Object.<anonymous> (/app/src/middlewares/auth.middleware.ts:5:1)
    at Module._compile (node:internal/modules/cjs/loader:1546:14)
2024-10-10 23:47:28 error: uncaughtException: Cannot find module '@exceptions/httpException'
Require stack:
- /home/portadmin/SWE/nodejs/express/demo/src/middlewares/auth.middleware.ts
- /home/portadmin/SWE/nodejs/express/demo/src/routes/auth.route.ts
- /home/portadmin/SWE/nodejs/express/demo/src/server.ts
Error: Cannot find module '@exceptions/httpException'
Require stack:
- /home/portadmin/SWE/nodejs/express/demo/src/middlewares/auth.middleware.ts
- /home/portadmin/SWE/nodejs/express/demo/src/routes/auth.route.ts
- /home/portadmin/SWE/nodejs/express/demo/src/server.ts
    at Function.Module._resolveFilename (node:internal/modules/cjs/loader:1142:15)
    at Function.Module._resolveFilename.sharedData.moduleResolveFilenameHook.installedValue (/home/portadmin/SWE/nodejs/express/demo/node_modules/@cspotcode/source-map-support/source-map-support.js:811:30)
    at Function.Module._resolveFilename (/home/portadmin/SWE/nodejs/express/demo/node_modules/tsconfig-paths/src/register.ts:115:36)
    at Function.Module._load (node:internal/modules/cjs/loader:983:27)
    at Module.require (node:internal/modules/cjs/loader:1230:19)
    at require (node:internal/modules/helpers:179:18)
    at Object.<anonymous> (/home/portadmin/SWE/nodejs/express/demo/src/middlewares/auth.middleware.ts:5:1)
    at Module._compile (node:internal/modules/cjs/loader:1368:14)
    at Module.m._compile (/home/portadmin/SWE/nodejs/express/demo/node_modules/ts-node/src/index.ts:1618:23)
    at Module._extensions..js (node:internal/modules/cjs/loader:1426:10)
2024-10-10 23:50:26 error: uncaughtException: Cannot find module '@exceptions/httpException'
Require stack:
- /home/portadmin/SWE/nodejs/express/demo/src/middlewares/auth.middleware.ts
- /home/portadmin/SWE/nodejs/express/demo/src/routes/auth.route.ts
- /home/portadmin/SWE/nodejs/express/demo/src/server.ts
Error: Cannot find module '@exceptions/httpException'
Require stack:
- /home/portadmin/SWE/nodejs/express/demo/src/middlewares/auth.middleware.ts
- /home/portadmin/SWE/nodejs/express/demo/src/routes/auth.route.ts
- /home/portadmin/SWE/nodejs/express/demo/src/server.ts
    at Function.Module._resolveFilename (node:internal/modules/cjs/loader:1142:15)
    at Function.Module._resolveFilename.sharedData.moduleResolveFilenameHook.installedValue (/home/portadmin/SWE/nodejs/express/demo/node_modules/@cspotcode/source-map-support/source-map-support.js:811:30)
    at Function.Module._resolveFilename (/home/portadmin/SWE/nodejs/express/demo/node_modules/tsconfig-paths/src/register.ts:115:36)
    at Function.Module._load (node:internal/modules/cjs/loader:983:27)
    at Module.require (node:internal/modules/cjs/loader:1230:19)
    at require (node:internal/modules/helpers:179:18)
    at Object.<anonymous> (/home/portadmin/SWE/nodejs/express/demo/src/middlewares/auth.middleware.ts:5:1)
    at Module._compile (node:internal/modules/cjs/loader:1368:14)
    at Module.m._compile (/home/portadmin/SWE/nodejs/express/demo/node_modules/ts-node/src/index.ts:1618:23)
    at Module._extensions..js (node:internal/modules/cjs/loader:1426:10)
2024-10-10 23:50:45 error: uncaughtException: Cannot find module '@exceptions/httpException'
Require stack:
- /home/portadmin/SWE/nodejs/express/demo/src/middlewares/auth.middleware.ts
- /home/portadmin/SWE/nodejs/express/demo/src/routes/auth.route.ts
- /home/portadmin/SWE/nodejs/express/demo/src/server.ts
Error: Cannot find module '@exceptions/httpException'
Require stack:
- /home/portadmin/SWE/nodejs/express/demo/src/middlewares/auth.middleware.ts
- /home/portadmin/SWE/nodejs/express/demo/src/routes/auth.route.ts
- /home/portadmin/SWE/nodejs/express/demo/src/server.ts
    at Function.Module._resolveFilename (node:internal/modules/cjs/loader:1142:15)
    at Function.Module._resolveFilename.sharedData.moduleResolveFilenameHook.installedValue (/home/portadmin/SWE/nodejs/express/demo/node_modules/@cspotcode/source-map-support/source-map-support.js:811:30)
    at Function.Module._resolveFilename (/home/portadmin/SWE/nodejs/express/demo/node_modules/tsconfig-paths/src/register.ts:115:36)
    at Function.Module._load (node:internal/modules/cjs/loader:983:27)
    at Module.require (node:internal/modules/cjs/loader:1230:19)
    at require (node:internal/modules/helpers:179:18)
    at Object.<anonymous> (/home/portadmin/SWE/nodejs/express/demo/src/middlewares/auth.middleware.ts:5:1)
    at Module._compile (node:internal/modules/cjs/loader:1368:14)
    at Module.m._compile (/home/portadmin/SWE/nodejs/express/demo/node_modules/ts-node/src/index.ts:1618:23)
    at Module._extensions..js (node:internal/modules/cjs/loader:1426:10)
2024-10-10 23:53:14 error: uncaughtException: Cannot find module '@exceptions/httpException'
Require stack:
- /home/portadmin/SWE/nodejs/express/demo/src/middlewares/auth.middleware.ts
- /home/portadmin/SWE/nodejs/express/demo/src/routes/auth.route.ts
- /home/portadmin/SWE/nodejs/express/demo/src/server.ts
Error: Cannot find module '@exceptions/httpException'
Require stack:
- /home/portadmin/SWE/nodejs/express/demo/src/middlewares/auth.middleware.ts
- /home/portadmin/SWE/nodejs/express/demo/src/routes/auth.route.ts
- /home/portadmin/SWE/nodejs/express/demo/src/server.ts
    at Function.Module._resolveFilename (node:internal/modules/cjs/loader:1142:15)
    at Function.Module._resolveFilename.sharedData.moduleResolveFilenameHook.installedValue (/home/portadmin/SWE/nodejs/express/demo/node_modules/@cspotcode/source-map-support/source-map-support.js:811:30)
    at Function.Module._resolveFilename (/home/portadmin/SWE/nodejs/express/demo/node_modules/tsconfig-paths/src/register.ts:115:36)
    at Function.Module._load (node:internal/modules/cjs/loader:983:27)
    at Module.require (node:internal/modules/cjs/loader:1230:19)
    at require (node:internal/modules/helpers:179:18)
    at Object.<anonymous> (/home/portadmin/SWE/nodejs/express/demo/src/middlewares/auth.middleware.ts:5:1)
    at Module._compile (node:internal/modules/cjs/loader:1368:14)
    at Module.m._compile (/home/portadmin/SWE/nodejs/express/demo/node_modules/ts-node/src/index.ts:1618:23)
    at Module._extensions..js (node:internal/modules/cjs/loader:1426:10)
2024-10-10 23:55:05 error: uncaughtException: Cannot find module '@exceptions/httpException'
Require stack:
- /home/portadmin/SWE/nodejs/express/demo/src/middlewares/auth.middleware.ts
- /home/portadmin/SWE/nodejs/express/demo/src/routes/auth.route.ts
- /home/portadmin/SWE/nodejs/express/demo/src/server.ts
Error: Cannot find module '@exceptions/httpException'
Require stack:
- /home/portadmin/SWE/nodejs/express/demo/src/middlewares/auth.middleware.ts
- /home/portadmin/SWE/nodejs/express/demo/src/routes/auth.route.ts
- /home/portadmin/SWE/nodejs/express/demo/src/server.ts
    at Function.Module._resolveFilename (node:internal/modules/cjs/loader:1142:15)
    at Function.Module._resolveFilename.sharedData.moduleResolveFilenameHook.installedValue (/home/portadmin/SWE/nodejs/express/demo/node_modules/@cspotcode/source-map-support/source-map-support.js:811:30)
    at Function.Module._resolveFilename (/home/portadmin/SWE/nodejs/express/demo/node_modules/tsconfig-paths/src/register.ts:115:36)
    at Function.Module._load (node:internal/modules/cjs/loader:983:27)
    at Module.require (node:internal/modules/cjs/loader:1230:19)
    at require (node:internal/modules/helpers:179:18)
    at Object.<anonymous> (/home/portadmin/SWE/nodejs/express/demo/src/middlewares/auth.middleware.ts:5:1)
    at Module._compile (node:internal/modules/cjs/loader:1368:14)
    at Module.m._compile (/home/portadmin/SWE/nodejs/express/demo/node_modules/ts-node/src/index.ts:1618:23)
    at Module._extensions..js (node:internal/modules/cjs/loader:1426:10)
2024-10-10 23:56:33 error: uncaughtException: Prisma Client could not locate the Query Engine for runtime "debian-openssl-3.0.x".

This happened because Prisma Client was generated for "debian-openssl-1.1.x", but the actual deployment required "debian-openssl-3.0.x".
Add "debian-openssl-3.0.x" to `binaryTargets` in the "schema.prisma" file and run `prisma generate` after saving it:

generator client {
  provider      = "prisma-client-js"
  binaryTargets = ["native", "debian-openssl-3.0.x"]
}

The following locations have been searched:
  /home/portadmin/SWE/nodejs/express/demo/node_modules/.prisma/client
  /home/portadmin/SWE/nodejs/express/demo/node_modules/@prisma/client
  /app/node_modules/@prisma/client
  /tmp/prisma-engines
  /home/portadmin/SWE/nodejs/express/demo/src/prisma
PrismaClientInitializationError: Prisma Client could not locate the Query Engine for runtime "debian-openssl-3.0.x".

This happened because Prisma Client was generated for "debian-openssl-1.1.x", but the actual deployment required "debian-openssl-3.0.x".
Add "debian-openssl-3.0.x" to `binaryTargets` in the "schema.prisma" file and run `prisma generate` after saving it:

generator client {
  provider      = "prisma-client-js"
  binaryTargets = ["native", "debian-openssl-3.0.x"]
}

The following locations have been searched:
  /home/portadmin/SWE/nodejs/express/demo/node_modules/.prisma/client
  /home/portadmin/SWE/nodejs/express/demo/node_modules/@prisma/client
  /app/node_modules/@prisma/client
  /tmp/prisma-engines
  /home/portadmin/SWE/nodejs/express/demo/src/prisma
    at Xs (/home/portadmin/SWE/nodejs/express/demo/node_modules/@prisma/client/runtime/library.js:60:793)
    at async en.loadLibrary (/home/portadmin/SWE/nodejs/express/demo/node_modules/@prisma/client/runtime/library.js:106:598)
    at async ir.loadEngine (/home/portadmin/SWE/nodejs/express/demo/node_modules/@prisma/client/runtime/library.js:108:538)
    at async ir.instantiateLibrary (/home/portadmin/SWE/nodejs/express/demo/node_modules/@prisma/client/runtime/library.js:107:1861)
2024-10-10 23:56:33 error: uncaughtException: Prisma Client could not locate the Query Engine for runtime "debian-openssl-3.0.x".

This happened because Prisma Client was generated for "debian-openssl-1.1.x", but the actual deployment required "debian-openssl-3.0.x".
Add "debian-openssl-3.0.x" to `binaryTargets` in the "schema.prisma" file and run `prisma generate` after saving it:

generator client {
  provider      = "prisma-client-js"
  binaryTargets = ["native", "debian-openssl-3.0.x"]
}

The following locations have been searched:
  /home/portadmin/SWE/nodejs/express/demo/node_modules/.prisma/client
  /home/portadmin/SWE/nodejs/express/demo/node_modules/@prisma/client
  /app/node_modules/@prisma/client
  /tmp/prisma-engines
  /home/portadmin/SWE/nodejs/express/demo/src/prisma
PrismaClientInitializationError: Prisma Client could not locate the Query Engine for runtime "debian-openssl-3.0.x".

This happened because Prisma Client was generated for "debian-openssl-1.1.x", but the actual deployment required "debian-openssl-3.0.x".
Add "debian-openssl-3.0.x" to `binaryTargets` in the "schema.prisma" file and run `prisma generate` after saving it:

generator client {
  provider      = "prisma-client-js"
  binaryTargets = ["native", "debian-openssl-3.0.x"]
}

The following locations have been searched:
  /home/portadmin/SWE/nodejs/express/demo/node_modules/.prisma/client
  /home/portadmin/SWE/nodejs/express/demo/node_modules/@prisma/client
  /app/node_modules/@prisma/client
  /tmp/prisma-engines
  /home/portadmin/SWE/nodejs/express/demo/src/prisma
    at Xs (/home/portadmin/SWE/nodejs/express/demo/node_modules/@prisma/client/runtime/library.js:60:793)
    at async en.loadLibrary (/home/portadmin/SWE/nodejs/express/demo/node_modules/@prisma/client/runtime/library.js:106:598)
    at async ir.loadEngine (/home/portadmin/SWE/nodejs/express/demo/node_modules/@prisma/client/runtime/library.js:108:538)
    at async ir.instantiateLibrary (/home/portadmin/SWE/nodejs/express/demo/node_modules/@prisma/client/runtime/library.js:107:1861)
2024-10-10 23:57:30 error: uncaughtException: Prisma Client could not locate the Query Engine for runtime "debian-openssl-3.0.x".

This happened because Prisma Client was generated for "debian-openssl-1.1.x", but the actual deployment required "debian-openssl-3.0.x".
Add "debian-openssl-3.0.x" to `binaryTargets` in the "schema.prisma" file and run `prisma generate` after saving it:

generator client {
  provider      = "prisma-client-js"
  binaryTargets = ["native", "debian-openssl-3.0.x"]
}

The following locations have been searched:
  /home/portadmin/SWE/nodejs/express/demo/node_modules/.prisma/client
  /home/portadmin/SWE/nodejs/express/demo/node_modules/@prisma/client
  /app/node_modules/@prisma/client
  /tmp/prisma-engines
  /home/portadmin/SWE/nodejs/express/demo/src/prisma
PrismaClientInitializationError: Prisma Client could not locate the Query Engine for runtime "debian-openssl-3.0.x".

This happened because Prisma Client was generated for "debian-openssl-1.1.x", but the actual deployment required "debian-openssl-3.0.x".
Add "debian-openssl-3.0.x" to `binaryTargets` in the "schema.prisma" file and run `prisma generate` after saving it:

generator client {
  provider      = "prisma-client-js"
  binaryTargets = ["native", "debian-openssl-3.0.x"]
}

The following locations have been searched:
  /home/portadmin/SWE/nodejs/express/demo/node_modules/.prisma/client
  /home/portadmin/SWE/nodejs/express/demo/node_modules/@prisma/client
  /app/node_modules/@prisma/client
  /tmp/prisma-engines
  /home/portadmin/SWE/nodejs/express/demo/src/prisma
    at Xs (/home/portadmin/SWE/nodejs/express/demo/node_modules/@prisma/client/runtime/library.js:60:793)
    at async en.loadLibrary (/home/portadmin/SWE/nodejs/express/demo/node_modules/@prisma/client/runtime/library.js:106:598)
    at async ir.loadEngine (/home/portadmin/SWE/nodejs/express/demo/node_modules/@prisma/client/runtime/library.js:108:538)
    at async ir.instantiateLibrary (/home/portadmin/SWE/nodejs/express/demo/node_modules/@prisma/client/runtime/library.js:107:1861)
2024-10-10 23:57:30 error: uncaughtException: Prisma Client could not locate the Query Engine for runtime "debian-openssl-3.0.x".

This happened because Prisma Client was generated for "debian-openssl-1.1.x", but the actual deployment required "debian-openssl-3.0.x".
Add "debian-openssl-3.0.x" to `binaryTargets` in the "schema.prisma" file and run `prisma generate` after saving it:

generator client {
  provider      = "prisma-client-js"
  binaryTargets = ["native", "debian-openssl-3.0.x"]
}

The following locations have been searched:
  /home/portadmin/SWE/nodejs/express/demo/node_modules/.prisma/client
  /home/portadmin/SWE/nodejs/express/demo/node_modules/@prisma/client
  /app/node_modules/@prisma/client
  /tmp/prisma-engines
  /home/portadmin/SWE/nodejs/express/demo/src/prisma
PrismaClientInitializationError: Prisma Client could not locate the Query Engine for runtime "debian-openssl-3.0.x".

This happened because Prisma Client was generated for "debian-openssl-1.1.x", but the actual deployment required "debian-openssl-3.0.x".
Add "debian-openssl-3.0.x" to `binaryTargets` in the "schema.prisma" file and run `prisma generate` after saving it:

generator client {
  provider      = "prisma-client-js"
  binaryTargets = ["native", "debian-openssl-3.0.x"]
}

The following locations have been searched:
  /home/portadmin/SWE/nodejs/express/demo/node_modules/.prisma/client
  /home/portadmin/SWE/nodejs/express/demo/node_modules/@prisma/client
  /app/node_modules/@prisma/client
  /tmp/prisma-engines
  /home/portadmin/SWE/nodejs/express/demo/src/prisma
    at Xs (/home/portadmin/SWE/nodejs/express/demo/node_modules/@prisma/client/runtime/library.js:60:793)
    at async en.loadLibrary (/home/portadmin/SWE/nodejs/express/demo/node_modules/@prisma/client/runtime/library.js:106:598)
    at async ir.loadEngine (/home/portadmin/SWE/nodejs/express/demo/node_modules/@prisma/client/runtime/library.js:108:538)
    at async ir.instantiateLibrary (/home/portadmin/SWE/nodejs/express/demo/node_modules/@prisma/client/runtime/library.js:107:1861)
2024-10-10 18:12:09 error: [GET] /users >> StatusCode:: 500, Message:: 
Invalid `this.user.findMany()` invocation in
/app/src/services/users.service.ts:13:45

  10 public user = new PrismaClient().user;
  11 
  12 public async findAllUser(): Promise<User[]> {
→ 13   const allUser: User[] = await this.user.findMany(
Can't reach database server at `localhost`:`3306`

Please make sure your database server is running at `localhost`:`3306`.
2024-10-10 18:12:59 error: [POST] /users >> StatusCode:: 400, Message:: password must be longer than or equal to 9 characters
2024-10-10 18:13:06 error: [GET] /users >> StatusCode:: 500, Message:: 
Invalid `this.user.findMany()` invocation in
/app/src/services/users.service.ts:13:45

  10 public user = new PrismaClient().user;
  11 
  12 public async findAllUser(): Promise<User[]> {
→ 13   const allUser: User[] = await this.user.findMany(
Can't reach database server at `localhost`:`3306`

Please make sure your database server is running at `localhost`:`3306`.
2024-10-10 18:13:51 error: [GET] /users >> StatusCode:: 500, Message:: 
Invalid `this.user.findMany()` invocation in
/app/src/services/users.service.ts:13:45

  10 public user = new PrismaClient().user;
  11 
  12 public async findAllUser(): Promise<User[]> {
→ 13   const allUser: User[] = await this.user.findMany(
Can't reach database server at `localhost`:`3306`

Please make sure your database server is running at `localhost`:`3306`.
2024-10-10 18:14:08 error: [GET] /users >> StatusCode:: 500, Message:: 
Invalid `this.user.findMany()` invocation in
/app/src/services/users.service.ts:13:45

  10 public user = new PrismaClient().user;
  11 
  12 public async findAllUser(): Promise<User[]> {
→ 13   const allUser: User[] = await this.user.findMany(
Can't reach database server at `localhost`:`3306`

Please make sure your database server is running at `localhost`:`3306`.
